\BOOKMARK [0][-]{chapter.1}{\376\377\000T\000o\000d\000o\000\040\000L\000i\000s\000t}{}% 1
\BOOKMARK [0][-]{chapter.2}{\376\377\000N\000a\000m\000e\000s\000p\000a\000c\000e\000\040\000I\000n\000d\000e\000x}{}% 2
\BOOKMARK [1][-]{section.2.1}{\376\377\000N\000a\000m\000e\000s\000p\000a\000c\000e\000\040\000L\000i\000s\000t}{chapter.2}% 3
\BOOKMARK [0][-]{chapter.3}{\376\377\000H\000i\000e\000r\000a\000r\000c\000h\000i\000c\000a\000l\000\040\000I\000n\000d\000e\000x}{}% 4
\BOOKMARK [1][-]{section.3.1}{\376\377\000C\000l\000a\000s\000s\000\040\000H\000i\000e\000r\000a\000r\000c\000h\000y}{chapter.3}% 5
\BOOKMARK [0][-]{chapter.4}{\376\377\000C\000l\000a\000s\000s\000\040\000I\000n\000d\000e\000x}{}% 6
\BOOKMARK [1][-]{section.4.1}{\376\377\000C\000l\000a\000s\000s\000\040\000L\000i\000s\000t}{chapter.4}% 7
\BOOKMARK [0][-]{chapter.5}{\376\377\000F\000i\000l\000e\000\040\000I\000n\000d\000e\000x}{}% 8
\BOOKMARK [1][-]{section.5.1}{\376\377\000F\000i\000l\000e\000\040\000L\000i\000s\000t}{chapter.5}% 9
\BOOKMARK [0][-]{chapter.6}{\376\377\000N\000a\000m\000e\000s\000p\000a\000c\000e\000\040\000D\000o\000c\000u\000m\000e\000n\000t\000a\000t\000i\000o\000n}{}% 10
\BOOKMARK [1][-]{section.6.1}{\376\377\000b\000o\000o\000s\000t\000\040\000N\000a\000m\000e\000s\000p\000a\000c\000e\000\040\000R\000e\000f\000e\000r\000e\000n\000c\000e}{chapter.6}% 11
\BOOKMARK [1][-]{section.6.2}{\376\377\000b\000o\000o\000s\000t\000:\000:\000s\000e\000r\000i\000a\000l\000i\000z\000a\000t\000i\000o\000n\000\040\000N\000a\000m\000e\000s\000p\000a\000c\000e\000\040\000R\000e\000f\000e\000r\000e\000n\000c\000e}{chapter.6}% 12
\BOOKMARK [2][-]{subsection.6.2.1}{\376\377\000F\000u\000n\000c\000t\000i\000o\000n\000\040\000D\000o\000c\000u\000m\000e\000n\000t\000a\000t\000i\000o\000n}{section.6.2}% 13
\BOOKMARK [3][-]{subsubsection.6.2.1.1}{\376\377\000l\000o\000a\000d}{subsection.6.2.1}% 14
\BOOKMARK [3][-]{subsubsection.6.2.1.2}{\376\377\000s\000a\000v\000e}{subsection.6.2.1}% 15
\BOOKMARK [1][-]{section.6.3}{\376\377\000I\000S\000t\000u\000f\000f\000\040\000N\000a\000m\000e\000s\000p\000a\000c\000e\000\040\000R\000e\000f\000e\000r\000e\000n\000c\000e}{chapter.6}% 16
\BOOKMARK [2][-]{subsection.6.3.1}{\376\377\000T\000y\000p\000e\000d\000e\000f\000\040\000D\000o\000c\000u\000m\000e\000n\000t\000a\000t\000i\000o\000n}{section.6.3}% 17
\BOOKMARK [3][-]{subsubsection.6.3.1.1}{\376\377\000F\000e\000a\000t\000u\000r\000e\000s}{subsection.6.3.1}% 18
\BOOKMARK [0][-]{chapter.7}{\376\377\000C\000l\000a\000s\000s\000\040\000D\000o\000c\000u\000m\000e\000n\000t\000a\000t\000i\000o\000n}{}% 19
\BOOKMARK [1][-]{section.7.1}{\376\377\000I\000S\000t\000u\000f\000f\000:\000:\000D\000a\000t\000a\000b\000a\000s\000e\000\040\000C\000l\000a\000s\000s\000\040\000R\000e\000f\000e\000r\000e\000n\000c\000e}{chapter.7}% 20
\BOOKMARK [2][-]{subsection.7.1.1}{\376\377\000D\000e\000t\000a\000i\000l\000e\000d\000\040\000D\000e\000s\000c\000r\000i\000p\000t\000i\000o\000n}{section.7.1}% 21
\BOOKMARK [2][-]{subsection.7.1.2}{\376\377\000C\000o\000n\000s\000t\000r\000u\000c\000t\000o\000r\000\040\000\046\000\040\000D\000e\000s\000t\000r\000u\000c\000t\000o\000r\000\040\000D\000o\000c\000u\000m\000e\000n\000t\000a\000t\000i\000o\000n}{section.7.1}% 22
\BOOKMARK [3][-]{subsubsection.7.1.2.1}{\376\377\000D\000a\000t\000a\000b\000a\000s\000e}{subsection.7.1.2}% 23
\BOOKMARK [3][-]{subsubsection.7.1.2.2}{\376\377\000D\000a\000t\000a\000b\000a\000s\000e}{subsection.7.1.2}% 24
\BOOKMARK [2][-]{subsection.7.1.3}{\376\377\000M\000e\000m\000b\000e\000r\000\040\000F\000u\000n\000c\000t\000i\000o\000n\000\040\000D\000o\000c\000u\000m\000e\000n\000t\000a\000t\000i\000o\000n}{section.7.1}% 25
\BOOKMARK [3][-]{subsubsection.7.1.3.1}{\376\377\000b\000u\000i\000l\000d}{subsection.7.1.3}% 26
\BOOKMARK [3][-]{subsubsection.7.1.3.2}{\376\377\000l\000o\000a\000d}{subsection.7.1.3}% 27
\BOOKMARK [3][-]{subsubsection.7.1.3.3}{\376\377\000m\000a\000t\000c\000h}{subsection.7.1.3}% 28
\BOOKMARK [3][-]{subsubsection.7.1.3.4}{\376\377\000s\000a\000v\000e}{subsection.7.1.3}% 29
\BOOKMARK [2][-]{subsection.7.1.4}{\376\377\000M\000e\000m\000b\000e\000r\000\040\000D\000a\000t\000a\000\040\000D\000o\000c\000u\000m\000e\000n\000t\000a\000t\000i\000o\000n}{section.7.1}% 30
\BOOKMARK [3][-]{subsubsection.7.1.4.1}{\376\377\000d\000b\000N\000a\000m\000e}{subsection.7.1.4}% 31
\BOOKMARK [3][-]{subsubsection.7.1.4.2}{\376\377\000d\000b\000P\000a\000t\000h}{subsection.7.1.4}% 32
\BOOKMARK [3][-]{subsubsection.7.1.4.3}{\376\377\000d\000e\000s\000c\000r\000i\000p\000t\000o\000r\000D\000B}{subsection.7.1.4}% 33
\BOOKMARK [3][-]{subsubsection.7.1.4.4}{\376\377\000k\000e\000y\000p\000o\000i\000n\000t\000D\000B}{subsection.7.1.4}% 34
\BOOKMARK [3][-]{subsubsection.7.1.4.5}{\376\377\000l\000a\000b\000e\000l\000D\000B}{subsection.7.1.4}% 35
\BOOKMARK [3][-]{subsubsection.7.1.4.6}{\376\377\000M\000A\000T\000C\000H\000\137\000T\000H\000R\000E\000S\000H\000O\000L\000D}{subsection.7.1.4}% 36
\BOOKMARK [3][-]{subsubsection.7.1.4.7}{\376\377\000m\000a\000t\000c\000h\000e\000r}{subsection.7.1.4}% 37
\BOOKMARK [3][-]{subsubsection.7.1.4.8}{\376\377\000M\000I\000N\000\137\000I\000N\000L\000I\000E\000R\000\137\000R\000A\000T\000I\000O}{subsection.7.1.4}% 38
\BOOKMARK [3][-]{subsubsection.7.1.4.9}{\376\377\000N\000N\000D\000R\000\137\000R\000A\000T\000I\000O}{subsection.7.1.4}% 39
\BOOKMARK [1][-]{section.7.2}{\376\377\000I\000S\000t\000u\000f\000f\000:\000:\000D\000B\000C\000r\000e\000a\000t\000i\000o\000n\000E\000x\000c\000e\000p\000t\000i\000o\000n\000\040\000C\000l\000a\000s\000s\000\040\000R\000e\000f\000e\000r\000e\000n\000c\000e}{chapter.7}% 40
\BOOKMARK [2][-]{subsection.7.2.1}{\376\377\000D\000e\000t\000a\000i\000l\000e\000d\000\040\000D\000e\000s\000c\000r\000i\000p\000t\000i\000o\000n}{section.7.2}% 41
\BOOKMARK [2][-]{subsection.7.2.2}{\376\377\000M\000e\000m\000b\000e\000r\000\040\000F\000u\000n\000c\000t\000i\000o\000n\000\040\000D\000o\000c\000u\000m\000e\000n\000t\000a\000t\000i\000o\000n}{section.7.2}% 42
\BOOKMARK [3][-]{subsubsection.7.2.2.1}{\376\377\000w\000h\000a\000t}{subsection.7.2.2}% 43
\BOOKMARK [1][-]{section.7.3}{\376\377\000I\000S\000t\000u\000f\000f\000:\000:\000D\000B\000L\000o\000a\000d\000i\000n\000g\000E\000x\000c\000e\000p\000t\000i\000o\000n\000\040\000C\000l\000a\000s\000s\000\040\000R\000e\000f\000e\000r\000e\000n\000c\000e}{chapter.7}% 44
\BOOKMARK [2][-]{subsection.7.3.1}{\376\377\000D\000e\000t\000a\000i\000l\000e\000d\000\040\000D\000e\000s\000c\000r\000i\000p\000t\000i\000o\000n}{section.7.3}% 45
\BOOKMARK [2][-]{subsection.7.3.2}{\376\377\000M\000e\000m\000b\000e\000r\000\040\000F\000u\000n\000c\000t\000i\000o\000n\000\040\000D\000o\000c\000u\000m\000e\000n\000t\000a\000t\000i\000o\000n}{section.7.3}% 46
\BOOKMARK [3][-]{subsubsection.7.3.2.1}{\376\377\000w\000h\000a\000t}{subsection.7.3.2}% 47
\BOOKMARK [1][-]{section.7.4}{\376\377\000I\000S\000t\000u\000f\000f\000:\000:\000D\000B\000S\000a\000v\000i\000n\000g\000E\000x\000c\000e\000p\000t\000i\000o\000n\000\040\000C\000l\000a\000s\000s\000\040\000R\000e\000f\000e\000r\000e\000n\000c\000e}{chapter.7}% 48
\BOOKMARK [2][-]{subsection.7.4.1}{\376\377\000D\000e\000t\000a\000i\000l\000e\000d\000\040\000D\000e\000s\000c\000r\000i\000p\000t\000i\000o\000n}{section.7.4}% 49
\BOOKMARK [2][-]{subsection.7.4.2}{\376\377\000M\000e\000m\000b\000e\000r\000\040\000F\000u\000n\000c\000t\000i\000o\000n\000\040\000D\000o\000c\000u\000m\000e\000n\000t\000a\000t\000i\000o\000n}{section.7.4}% 50
\BOOKMARK [3][-]{subsubsection.7.4.2.1}{\376\377\000w\000h\000a\000t}{subsection.7.4.2}% 51
\BOOKMARK [1][-]{section.7.5}{\376\377\000I\000S\000t\000u\000f\000f\000:\000:\000F\000a\000k\000a\000b\000l\000e\000Q\000u\000e\000u\000e\000\040\000C\000l\000a\000s\000s\000\040\000R\000e\000f\000e\000r\000e\000n\000c\000e}{chapter.7}% 52
\BOOKMARK [2][-]{subsection.7.5.1}{\376\377\000D\000e\000t\000a\000i\000l\000e\000d\000\040\000D\000e\000s\000c\000r\000i\000p\000t\000i\000o\000n}{section.7.5}% 53
\BOOKMARK [2][-]{subsection.7.5.2}{\376\377\000C\000o\000n\000s\000t\000r\000u\000c\000t\000o\000r\000\040\000\046\000\040\000D\000e\000s\000t\000r\000u\000c\000t\000o\000r\000\040\000D\000o\000c\000u\000m\000e\000n\000t\000a\000t\000i\000o\000n}{section.7.5}% 54
\BOOKMARK [3][-]{subsubsection.7.5.2.1}{\376\377\000F\000a\000k\000a\000b\000l\000e\000Q\000u\000e\000u\000e}{subsection.7.5.2}% 55
\BOOKMARK [3][-]{subsubsection.7.5.2.2}{\376\377\000F\000a\000k\000a\000b\000l\000e\000Q\000u\000e\000u\000e}{subsection.7.5.2}% 56
\BOOKMARK [2][-]{subsection.7.5.3}{\376\377\000M\000e\000m\000b\000e\000r\000\040\000F\000u\000n\000c\000t\000i\000o\000n\000\040\000D\000o\000c\000u\000m\000e\000n\000t\000a\000t\000i\000o\000n}{section.7.5}% 57
\BOOKMARK [3][-]{subsubsection.7.5.3.1}{\376\377\000d\000e\000q\000u\000e\000u\000e}{subsection.7.5.3}% 58
\BOOKMARK [3][-]{subsubsection.7.5.3.2}{\376\377\000d\000i\000s\000c\000a\000r\000d}{subsection.7.5.3}% 59
\BOOKMARK [3][-]{subsubsection.7.5.3.3}{\376\377\000e\000n\000q\000u\000e\000u\000e}{subsection.7.5.3}% 60
\BOOKMARK [3][-]{subsubsection.7.5.3.4}{\376\377\000g\000e\000t\000S\000t\000a\000r\000t\000e\000r}{subsection.7.5.3}% 61
\BOOKMARK [3][-]{subsubsection.7.5.3.5}{\376\377\000s\000t\000a\000r\000t}{subsection.7.5.3}% 62
\BOOKMARK [2][-]{subsection.7.5.4}{\376\377\000M\000e\000m\000b\000e\000r\000\040\000D\000a\000t\000a\000\040\000D\000o\000c\000u\000m\000e\000n\000t\000a\000t\000i\000o\000n}{section.7.5}% 63
\BOOKMARK [3][-]{subsubsection.7.5.4.1}{\376\377\000q\000u\000e\000u\000e\000\137\000m\000u\000t\000e\000x}{subsection.7.5.4}% 64
\BOOKMARK [3][-]{subsubsection.7.5.4.2}{\376\377\000r\000e\000a\000l\000\137\000q\000u\000e\000u\000e}{subsection.7.5.4}% 65
\BOOKMARK [3][-]{subsubsection.7.5.4.3}{\376\377\000s\000a\000v\000e\000d\000\137\000q\000u\000e\000u\000e}{subsection.7.5.4}% 66
\BOOKMARK [3][-]{subsubsection.7.5.4.4}{\376\377\000T\000A\000G}{subsection.7.5.4}% 67
\BOOKMARK [1][-]{section.7.6}{\376\377\000I\000S\000t\000u\000f\000f\000:\000:\000L\000a\000b\000e\000l\000\040\000S\000t\000r\000u\000c\000t\000\040\000R\000e\000f\000e\000r\000e\000n\000c\000e}{chapter.7}% 68
\BOOKMARK [2][-]{subsection.7.6.1}{\376\377\000D\000e\000t\000a\000i\000l\000e\000d\000\040\000D\000e\000s\000c\000r\000i\000p\000t\000i\000o\000n}{section.7.6}% 69
\BOOKMARK [2][-]{subsection.7.6.2}{\376\377\000C\000o\000n\000s\000t\000r\000u\000c\000t\000o\000r\000\040\000\046\000\040\000D\000e\000s\000t\000r\000u\000c\000t\000o\000r\000\040\000D\000o\000c\000u\000m\000e\000n\000t\000a\000t\000i\000o\000n}{section.7.6}% 70
\BOOKMARK [3][-]{subsubsection.7.6.2.1}{\376\377\000L\000a\000b\000e\000l}{subsection.7.6.2}% 71
\BOOKMARK [2][-]{subsection.7.6.3}{\376\377\000M\000e\000m\000b\000e\000r\000\040\000F\000u\000n\000c\000t\000i\000o\000n\000\040\000D\000o\000c\000u\000m\000e\000n\000t\000a\000t\000i\000o\000n}{section.7.6}% 72
\BOOKMARK [3][-]{subsubsection.7.6.3.1}{\376\377\000o\000p\000e\000r\000a\000t\000o\000r\000=\000=}{subsection.7.6.3}% 73
\BOOKMARK [2][-]{subsection.7.6.4}{\376\377\000M\000e\000m\000b\000e\000r\000\040\000D\000a\000t\000a\000\040\000D\000o\000c\000u\000m\000e\000n\000t\000a\000t\000i\000o\000n}{section.7.6}% 74
\BOOKMARK [3][-]{subsubsection.7.6.4.1}{\376\377\000c\000o\000l\000o\000r}{subsection.7.6.4}% 75
\BOOKMARK [3][-]{subsubsection.7.6.4.2}{\376\377\000n\000a\000m\000e}{subsection.7.6.4}% 76
\BOOKMARK [3][-]{subsubsection.7.6.4.3}{\376\377\000p\000o\000s\000i\000t\000i\000o\000n}{subsection.7.6.4}% 77
\BOOKMARK [1][-]{section.7.7}{\376\377\000I\000S\000t\000u\000f\000f\000:\000:\000M\000a\000n\000a\000g\000e\000r\000\040\000C\000l\000a\000s\000s\000\040\000R\000e\000f\000e\000r\000e\000n\000c\000e}{chapter.7}% 78
\BOOKMARK [2][-]{subsection.7.7.1}{\376\377\000D\000e\000t\000a\000i\000l\000e\000d\000\040\000D\000e\000s\000c\000r\000i\000p\000t\000i\000o\000n}{section.7.7}% 79
\BOOKMARK [2][-]{subsection.7.7.2}{\376\377\000C\000o\000n\000s\000t\000r\000u\000c\000t\000o\000r\000\040\000\046\000\040\000D\000e\000s\000t\000r\000u\000c\000t\000o\000r\000\040\000D\000o\000c\000u\000m\000e\000n\000t\000a\000t\000i\000o\000n}{section.7.7}% 80
\BOOKMARK [3][-]{subsubsection.7.7.2.1}{\376\377\000M\000a\000n\000a\000g\000e\000r}{subsection.7.7.2}% 81
\BOOKMARK [3][-]{subsubsection.7.7.2.2}{\376\377\000M\000a\000n\000a\000g\000e\000r}{subsection.7.7.2}% 82
\BOOKMARK [2][-]{subsection.7.7.3}{\376\377\000M\000e\000m\000b\000e\000r\000\040\000F\000u\000n\000c\000t\000i\000o\000n\000\040\000D\000o\000c\000u\000m\000e\000n\000t\000a\000t\000i\000o\000n}{section.7.7}% 83
\BOOKMARK [3][-]{subsubsection.7.7.3.1}{\376\377\000e\000l\000a\000b\000o\000r\000a\000t\000e\000F\000r\000a\000m\000e}{subsection.7.7.3}% 84
\BOOKMARK [3][-]{subsubsection.7.7.3.2}{\376\377\000g\000e\000t\000O\000b\000j\000e\000c\000t}{subsection.7.7.3}% 85
\BOOKMARK [3][-]{subsubsection.7.7.3.3}{\376\377\000p\000a\000i\000n\000t\000O\000b\000j\000e\000c\000t}{subsection.7.7.3}% 86
\BOOKMARK [3][-]{subsubsection.7.7.3.4}{\376\377\000s\000e\000n\000d\000M\000e\000s\000s\000a\000g\000e}{subsection.7.7.3}% 87
\BOOKMARK [3][-]{subsubsection.7.7.3.5}{\376\377\000s\000e\000t\000D\000a\000t\000a\000b\000a\000s\000e}{subsection.7.7.3}% 88
\BOOKMARK [3][-]{subsubsection.7.7.3.6}{\376\377\000s\000e\000t\000O\000b\000j\000e\000c\000t}{subsection.7.7.3}% 89
\BOOKMARK [2][-]{subsection.7.7.4}{\376\377\000M\000e\000m\000b\000e\000r\000\040\000D\000a\000t\000a\000\040\000D\000o\000c\000u\000m\000e\000n\000t\000a\000t\000i\000o\000n}{section.7.7}% 90
\BOOKMARK [3][-]{subsubsection.7.7.4.1}{\376\377\000a\000c\000t\000u\000a\000l\000\137\000o\000b\000j\000e\000c\000t}{subsection.7.7.4}% 91
\BOOKMARK [3][-]{subsubsection.7.7.4.2}{\376\377\000f\000r\000a\000m\000e\000s\000\137\000t\000r\000a\000c\000k\000e\000d\000\137\000c\000o\000u\000n\000t}{subsection.7.7.4}% 92
\BOOKMARK [3][-]{subsubsection.7.7.4.3}{\376\377\000M\000S\000G\000\137\000R\000E\000C\000O\000G\000N\000I\000T\000I\000O\000N\000\137\000E\000N\000D}{subsection.7.7.4}% 93
\BOOKMARK [3][-]{subsubsection.7.7.4.4}{\376\377\000M\000S\000G\000\137\000R\000E\000C\000O\000G\000N\000I\000T\000I\000O\000N\000\137\000S\000T\000A\000R\000T}{subsection.7.7.4}% 94
\BOOKMARK [3][-]{subsubsection.7.7.4.5}{\376\377\000M\000S\000G\000\137\000T\000R\000A\000C\000K\000I\000N\000G\000\137\000E\000N\000D}{subsection.7.7.4}% 95
\BOOKMARK [3][-]{subsubsection.7.7.4.6}{\376\377\000M\000S\000G\000\137\000T\000R\000A\000C\000K\000I\000N\000G\000\137\000S\000T\000A\000R\000T}{subsection.7.7.4}% 96
\BOOKMARK [3][-]{subsubsection.7.7.4.7}{\376\377\000o\000b\000j\000e\000c\000t\000\137\000u\000p\000d\000a\000t\000e}{subsection.7.7.4}% 97
\BOOKMARK [3][-]{subsubsection.7.7.4.8}{\376\377\000R\000E\000C\000O\000G\000N\000I\000T\000I\000O\000N\000\137\000P\000E\000R\000I\000O\000D}{subsection.7.7.4}% 98
\BOOKMARK [3][-]{subsubsection.7.7.4.9}{\376\377\000r\000e\000c\000o\000g\000n\000i\000z\000e\000r}{subsection.7.7.4}% 99
\BOOKMARK [3][-]{subsubsection.7.7.4.10}{\376\377\000T\000A\000G}{subsection.7.7.4}% 100
\BOOKMARK [3][-]{subsubsection.7.7.4.11}{\376\377\000t\000r\000a\000c\000k\000e\000r}{subsection.7.7.4}% 101
\BOOKMARK [1][-]{section.7.8}{\376\377\000I\000S\000t\000u\000f\000f\000:\000:\000O\000b\000j\000e\000c\000t\000\040\000C\000l\000a\000s\000s\000\040\000R\000e\000f\000e\000r\000e\000n\000c\000e}{chapter.7}% 102
\BOOKMARK [2][-]{subsection.7.8.1}{\376\377\000D\000e\000t\000a\000i\000l\000e\000d\000\040\000D\000e\000s\000c\000r\000i\000p\000t\000i\000o\000n}{section.7.8}% 103
\BOOKMARK [2][-]{subsection.7.8.2}{\376\377\000C\000o\000n\000s\000t\000r\000u\000c\000t\000o\000r\000\040\000\046\000\040\000D\000e\000s\000t\000r\000u\000c\000t\000o\000r\000\040\000D\000o\000c\000u\000m\000e\000n\000t\000a\000t\000i\000o\000n}{section.7.8}% 104
\BOOKMARK [3][-]{subsubsection.7.8.2.1}{\376\377\000O\000b\000j\000e\000c\000t}{subsection.7.8.2}% 105
\BOOKMARK [3][-]{subsubsection.7.8.2.2}{\376\377\000O\000b\000j\000e\000c\000t}{subsection.7.8.2}% 106
\BOOKMARK [2][-]{subsection.7.8.3}{\376\377\000M\000e\000m\000b\000e\000r\000\040\000F\000u\000n\000c\000t\000i\000o\000n\000\040\000D\000o\000c\000u\000m\000e\000n\000t\000a\000t\000i\000o\000n}{section.7.8}% 107
\BOOKMARK [3][-]{subsubsection.7.8.3.1}{\376\377\000a\000d\000d\000L\000a\000b\000e\000l}{subsection.7.8.3}% 108
\BOOKMARK [3][-]{subsubsection.7.8.3.2}{\376\377\000e\000m\000p\000t\000y}{subsection.7.8.3}% 109
\BOOKMARK [3][-]{subsubsection.7.8.3.3}{\376\377\000g\000e\000t\000L\000a\000b\000e\000l\000s}{subsection.7.8.3}% 110
\BOOKMARK [3][-]{subsubsection.7.8.3.4}{\376\377\000p\000a\000i\000n\000t}{subsection.7.8.3}% 111
\BOOKMARK [2][-]{subsection.7.8.4}{\376\377\000M\000e\000m\000b\000e\000r\000\040\000D\000a\000t\000a\000\040\000D\000o\000c\000u\000m\000e\000n\000t\000a\000t\000i\000o\000n}{section.7.8}% 112
\BOOKMARK [3][-]{subsubsection.7.8.4.1}{\376\377\000l\000a\000b\000e\000l\000s}{subsection.7.8.4}% 113
\BOOKMARK [3][-]{subsubsection.7.8.4.2}{\376\377\000T\000A\000G}{subsection.7.8.4}% 114
\BOOKMARK [1][-]{section.7.9}{\376\377\000I\000S\000t\000u\000f\000f\000:\000:\000R\000e\000c\000o\000g\000n\000i\000z\000e\000r\000\040\000C\000l\000a\000s\000s\000\040\000R\000e\000f\000e\000r\000e\000n\000c\000e}{chapter.7}% 115
\BOOKMARK [2][-]{subsection.7.9.1}{\376\377\000D\000e\000t\000a\000i\000l\000e\000d\000\040\000D\000e\000s\000c\000r\000i\000p\000t\000i\000o\000n}{section.7.9}% 116
\BOOKMARK [2][-]{subsection.7.9.2}{\376\377\000C\000o\000n\000s\000t\000r\000u\000c\000t\000o\000r\000\040\000\046\000\040\000D\000e\000s\000t\000r\000u\000c\000t\000o\000r\000\040\000D\000o\000c\000u\000m\000e\000n\000t\000a\000t\000i\000o\000n}{section.7.9}% 117
\BOOKMARK [3][-]{subsubsection.7.9.2.1}{\376\377\000R\000e\000c\000o\000g\000n\000i\000z\000e\000r}{subsection.7.9.2}% 118
\BOOKMARK [3][-]{subsubsection.7.9.2.2}{\376\377\000R\000e\000c\000o\000g\000n\000i\000z\000e\000r}{subsection.7.9.2}% 119
\BOOKMARK [2][-]{subsection.7.9.3}{\376\377\000M\000e\000m\000b\000e\000r\000\040\000F\000u\000n\000c\000t\000i\000o\000n\000\040\000D\000o\000c\000u\000m\000e\000n\000t\000a\000t\000i\000o\000n}{section.7.9}% 120
\BOOKMARK [3][-]{subsubsection.7.9.3.1}{\376\377\000b\000a\000c\000k\000g\000r\000o\000u\000n\000d\000R\000e\000c\000o\000g\000n\000i\000z\000e\000F\000r\000a\000m\000e}{subsection.7.9.3}% 121
\BOOKMARK [3][-]{subsubsection.7.9.3.2}{\376\377\000i\000s\000R\000u\000n\000n\000i\000n\000g}{subsection.7.9.3}% 122
\BOOKMARK [3][-]{subsubsection.7.9.3.3}{\376\377\000r\000e\000c\000o\000g\000n\000i\000z\000e\000F\000r\000a\000m\000e}{subsection.7.9.3}% 123
\BOOKMARK [3][-]{subsubsection.7.9.3.4}{\376\377\000s\000e\000n\000d\000M\000e\000s\000s\000a\000g\000e}{subsection.7.9.3}% 124
\BOOKMARK [3][-]{subsubsection.7.9.3.5}{\376\377\000s\000e\000t\000D\000a\000t\000a\000b\000a\000s\000e}{subsection.7.9.3}% 125
\BOOKMARK [3][-]{subsubsection.7.9.3.6}{\376\377\000s\000e\000t\000R\000u\000n\000n\000i\000n\000g}{subsection.7.9.3}% 126
\BOOKMARK [2][-]{subsection.7.9.4}{\376\377\000M\000e\000m\000b\000e\000r\000\040\000D\000a\000t\000a\000\040\000D\000o\000c\000u\000m\000e\000n\000t\000a\000t\000i\000o\000n}{section.7.9}% 127
\BOOKMARK [3][-]{subsubsection.7.9.4.1}{\376\377\000m\000\137\000m\000a\000t\000c\000h\000e\000r}{subsection.7.9.4}% 128
\BOOKMARK [3][-]{subsubsection.7.9.4.2}{\376\377\000m\000\137\000r\000u\000n\000n\000i\000n\000g}{subsection.7.9.4}% 129
\BOOKMARK [3][-]{subsubsection.7.9.4.3}{\376\377\000m\000\137\000t\000h\000r\000e\000a\000d}{subsection.7.9.4}% 130
\BOOKMARK [3][-]{subsubsection.7.9.4.4}{\376\377\000T\000A\000G}{subsection.7.9.4}% 131
\BOOKMARK [1][-]{section.7.10}{\376\377\000I\000S\000t\000u\000f\000f\000:\000:\000T\000r\000a\000c\000k\000e\000r\000\040\000C\000l\000a\000s\000s\000\040\000R\000e\000f\000e\000r\000e\000n\000c\000e}{chapter.7}% 132
\BOOKMARK [2][-]{subsection.7.10.1}{\376\377\000D\000e\000t\000a\000i\000l\000e\000d\000\040\000D\000e\000s\000c\000r\000i\000p\000t\000i\000o\000n}{section.7.10}% 133
\BOOKMARK [2][-]{subsection.7.10.2}{\376\377\000C\000o\000n\000s\000t\000r\000u\000c\000t\000o\000r\000\040\000\046\000\040\000D\000e\000s\000t\000r\000u\000c\000t\000o\000r\000\040\000D\000o\000c\000u\000m\000e\000n\000t\000a\000t\000i\000o\000n}{section.7.10}% 134
\BOOKMARK [3][-]{subsubsection.7.10.2.1}{\376\377\000T\000r\000a\000c\000k\000e\000r}{subsection.7.10.2}% 135
\BOOKMARK [3][-]{subsubsection.7.10.2.2}{\376\377\000T\000r\000a\000c\000k\000e\000r}{subsection.7.10.2}% 136
\BOOKMARK [2][-]{subsection.7.10.3}{\376\377\000M\000e\000m\000b\000e\000r\000\040\000F\000u\000n\000c\000t\000i\000o\000n\000\040\000D\000o\000c\000u\000m\000e\000n\000t\000a\000t\000i\000o\000n}{section.7.10}% 137
\BOOKMARK [3][-]{subsubsection.7.10.3.1}{\376\377\000b\000a\000c\000k\000g\000r\000o\000u\000n\000d\000T\000r\000a\000c\000k\000F\000r\000a\000m\000e}{subsection.7.10.3}% 138
\BOOKMARK [3][-]{subsubsection.7.10.3.2}{\376\377\000c\000a\000l\000c\000F\000e\000a\000t\000u\000r\000e\000s}{subsection.7.10.3}% 139
\BOOKMARK [3][-]{subsubsection.7.10.3.3}{\376\377\000c\000a\000l\000c\000F\000e\000a\000t\000u\000r\000e\000s}{subsection.7.10.3}% 140
\BOOKMARK [3][-]{subsubsection.7.10.3.4}{\376\377\000i\000s\000R\000u\000n\000n\000i\000n\000g}{subsection.7.10.3}% 141
\BOOKMARK [3][-]{subsubsection.7.10.3.5}{\376\377\000s\000e\000n\000d\000M\000e\000s\000s\000a\000g\000e}{subsection.7.10.3}% 142
\BOOKMARK [3][-]{subsubsection.7.10.3.6}{\376\377\000s\000e\000t\000R\000u\000n\000n\000i\000n\000g}{subsection.7.10.3}% 143
\BOOKMARK [3][-]{subsubsection.7.10.3.7}{\376\377\000t\000r\000a\000c\000k\000F\000r\000a\000m\000e}{subsection.7.10.3}% 144
\BOOKMARK [3][-]{subsubsection.7.10.3.8}{\376\377\000u\000p\000d\000a\000t\000e\000O\000b\000j\000e\000c\000t}{subsection.7.10.3}% 145
\BOOKMARK [2][-]{subsection.7.10.4}{\376\377\000M\000e\000m\000b\000e\000r\000\040\000D\000a\000t\000a\000\040\000D\000o\000c\000u\000m\000e\000n\000t\000a\000t\000i\000o\000n}{section.7.10}% 146
\BOOKMARK [3][-]{subsubsection.7.10.4.1}{\376\377\000I\000M\000G\000\137\000R\000E\000S\000I\000Z\000E}{subsection.7.10.4}% 147
\BOOKMARK [3][-]{subsubsection.7.10.4.2}{\376\377\000L\000K\000\137\000W\000I\000N\000D\000O\000W}{subsection.7.10.4}% 148
\BOOKMARK [3][-]{subsubsection.7.10.4.3}{\376\377\000m\000\137\000d\000e\000t\000e\000c\000t\000o\000r}{subsection.7.10.4}% 149
\BOOKMARK [3][-]{subsubsection.7.10.4.4}{\376\377\000m\000\137\000f\000e\000a\000t\000u\000r\000e\000s}{subsection.7.10.4}% 150
\BOOKMARK [3][-]{subsubsection.7.10.4.5}{\376\377\000m\000\137\000f\000r\000a\000m\000e}{subsection.7.10.4}% 151
\BOOKMARK [3][-]{subsubsection.7.10.4.6}{\376\377\000m\000\137\000m\000a\000t\000c\000h\000e\000r}{subsection.7.10.4}% 152
\BOOKMARK [3][-]{subsubsection.7.10.4.7}{\376\377\000m\000\137\000o\000b\000j\000e\000c\000t}{subsection.7.10.4}% 153
\BOOKMARK [3][-]{subsubsection.7.10.4.8}{\376\377\000m\000\137\000o\000b\000j\000e\000c\000t\000\137\000m\000u\000t\000e\000x}{subsection.7.10.4}% 154
\BOOKMARK [3][-]{subsubsection.7.10.4.9}{\376\377\000m\000\137\000r\000u\000n\000n\000i\000n\000g}{subsection.7.10.4}% 155
\BOOKMARK [3][-]{subsubsection.7.10.4.10}{\376\377\000m\000\137\000s\000a\000v\000e\000d\000\137\000f\000e\000a\000t\000u\000r\000e\000s}{subsection.7.10.4}% 156
\BOOKMARK [3][-]{subsubsection.7.10.4.11}{\376\377\000m\000\137\000t\000h\000r\000e\000a\000d}{subsection.7.10.4}% 157
\BOOKMARK [3][-]{subsubsection.7.10.4.12}{\376\377\000N\000E\000A\000R\000E\000S\000T\000\137\000F\000E\000A\000T\000U\000R\000E\000S\000\137\000C\000O\000U\000N\000T}{subsection.7.10.4}% 158
\BOOKMARK [3][-]{subsubsection.7.10.4.13}{\376\377\000T\000A\000G}{subsection.7.10.4}% 159
\BOOKMARK [0][-]{chapter.8}{\376\377\000F\000i\000l\000e\000\040\000D\000o\000c\000u\000m\000e\000n\000t\000a\000t\000i\000o\000n}{}% 160
\BOOKMARK [1][-]{section.8.1}{\376\377\000s\000r\000c\000/\000I\000S\000t\000u\000f\000f\000/\000d\000a\000t\000a\000b\000a\000s\000e\000.\000c\000p\000p\000\040\000F\000i\000l\000e\000\040\000R\000e\000f\000e\000r\000e\000n\000c\000e}{chapter.8}% 161
\BOOKMARK [2][-]{subsection.8.1.1}{\376\377\000D\000e\000t\000a\000i\000l\000e\000d\000\040\000D\000e\000s\000c\000r\000i\000p\000t\000i\000o\000n}{section.8.1}% 162
\BOOKMARK [1][-]{section.8.2}{\376\377\000s\000r\000c\000/\000I\000S\000t\000u\000f\000f\000/\000d\000a\000t\000a\000b\000a\000s\000e\000.\000h\000\040\000F\000i\000l\000e\000\040\000R\000e\000f\000e\000r\000e\000n\000c\000e}{chapter.8}% 163
\BOOKMARK [2][-]{subsection.8.2.1}{\376\377\000D\000e\000t\000a\000i\000l\000e\000d\000\040\000D\000e\000s\000c\000r\000i\000p\000t\000i\000o\000n}{section.8.2}% 164
\BOOKMARK [2][-]{subsection.8.2.2}{\376\377\000V\000a\000r\000i\000a\000b\000l\000e\000\040\000D\000o\000c\000u\000m\000e\000n\000t\000a\000t\000i\000o\000n}{section.8.2}% 165
\BOOKMARK [3][-]{subsubsection.8.2.2.1}{\376\377\000d\000e\000b\000u\000g}{subsection.8.2.2}% 166
\BOOKMARK [1][-]{section.8.3}{\376\377\000s\000r\000c\000/\000I\000S\000t\000u\000f\000f\000/\000f\000a\000k\000a\000b\000l\000e\000\137\000q\000u\000e\000u\000e\000.\000c\000p\000p\000\040\000F\000i\000l\000e\000\040\000R\000e\000f\000e\000r\000e\000n\000c\000e}{chapter.8}% 167
\BOOKMARK [1][-]{section.8.4}{\376\377\000s\000r\000c\000/\000I\000S\000t\000u\000f\000f\000/\000f\000a\000k\000a\000b\000l\000e\000\137\000q\000u\000e\000u\000e\000.\000h\000\040\000F\000i\000l\000e\000\040\000R\000e\000f\000e\000r\000e\000n\000c\000e}{chapter.8}% 168
\BOOKMARK [2][-]{subsection.8.4.1}{\376\377\000D\000e\000t\000a\000i\000l\000e\000d\000\040\000D\000e\000s\000c\000r\000i\000p\000t\000i\000o\000n}{section.8.4}% 169
\BOOKMARK [2][-]{subsection.8.4.2}{\376\377\000V\000a\000r\000i\000a\000b\000l\000e\000\040\000D\000o\000c\000u\000m\000e\000n\000t\000a\000t\000i\000o\000n}{section.8.4}% 170
\BOOKMARK [3][-]{subsubsection.8.4.2.1}{\376\377\000d\000e\000b\000u\000g}{subsection.8.4.2}% 171
\BOOKMARK [1][-]{section.8.5}{\376\377\000s\000r\000c\000/\000I\000S\000t\000u\000f\000f\000/\000m\000a\000n\000a\000g\000e\000r\000.\000c\000p\000p\000\040\000F\000i\000l\000e\000\040\000R\000e\000f\000e\000r\000e\000n\000c\000e}{chapter.8}% 172
\BOOKMARK [1][-]{section.8.6}{\376\377\000s\000r\000c\000/\000I\000S\000t\000u\000f\000f\000/\000m\000a\000n\000a\000g\000e\000r\000.\000h\000\040\000F\000i\000l\000e\000\040\000R\000e\000f\000e\000r\000e\000n\000c\000e}{chapter.8}% 173
\BOOKMARK [2][-]{subsection.8.6.1}{\376\377\000D\000e\000t\000a\000i\000l\000e\000d\000\040\000D\000e\000s\000c\000r\000i\000p\000t\000i\000o\000n}{section.8.6}% 174
\BOOKMARK [2][-]{subsection.8.6.2}{\376\377\000V\000a\000r\000i\000a\000b\000l\000e\000\040\000D\000o\000c\000u\000m\000e\000n\000t\000a\000t\000i\000o\000n}{section.8.6}% 175
\BOOKMARK [3][-]{subsubsection.8.6.2.1}{\376\377\000d\000e\000b\000u\000g}{subsection.8.6.2}% 176
\BOOKMARK [3][-]{subsubsection.8.6.2.2}{\376\377\000h\000l\000\137\000d\000e\000b\000u\000g}{subsection.8.6.2}% 177
\BOOKMARK [1][-]{section.8.7}{\376\377\000s\000r\000c\000/\000I\000S\000t\000u\000f\000f\000/\000o\000b\000j\000e\000c\000t\000.\000c\000p\000p\000\040\000F\000i\000l\000e\000\040\000R\000e\000f\000e\000r\000e\000n\000c\000e}{chapter.8}% 178
\BOOKMARK [1][-]{section.8.8}{\376\377\000s\000r\000c\000/\000I\000S\000t\000u\000f\000f\000/\000o\000b\000j\000e\000c\000t\000.\000h\000\040\000F\000i\000l\000e\000\040\000R\000e\000f\000e\000r\000e\000n\000c\000e}{chapter.8}% 179
\BOOKMARK [2][-]{subsection.8.8.1}{\376\377\000D\000e\000t\000a\000i\000l\000e\000d\000\040\000D\000e\000s\000c\000r\000i\000p\000t\000i\000o\000n}{section.8.8}% 180
\BOOKMARK [2][-]{subsection.8.8.2}{\376\377\000V\000a\000r\000i\000a\000b\000l\000e\000\040\000D\000o\000c\000u\000m\000e\000n\000t\000a\000t\000i\000o\000n}{section.8.8}% 181
\BOOKMARK [3][-]{subsubsection.8.8.2.1}{\376\377\000d\000e\000b\000u\000g}{subsection.8.8.2}% 182
\BOOKMARK [1][-]{section.8.9}{\376\377\000s\000r\000c\000/\000I\000S\000t\000u\000f\000f\000/\000r\000e\000c\000o\000g\000n\000i\000z\000e\000r\000.\000c\000p\000p\000\040\000F\000i\000l\000e\000\040\000R\000e\000f\000e\000r\000e\000n\000c\000e}{chapter.8}% 183
\BOOKMARK [1][-]{section.8.10}{\376\377\000s\000r\000c\000/\000I\000S\000t\000u\000f\000f\000/\000r\000e\000c\000o\000g\000n\000i\000z\000e\000r\000.\000h\000\040\000F\000i\000l\000e\000\040\000R\000e\000f\000e\000r\000e\000n\000c\000e}{chapter.8}% 184
\BOOKMARK [2][-]{subsection.8.10.1}{\376\377\000D\000e\000t\000a\000i\000l\000e\000d\000\040\000D\000e\000s\000c\000r\000i\000p\000t\000i\000o\000n}{section.8.10}% 185
\BOOKMARK [2][-]{subsection.8.10.2}{\376\377\000V\000a\000r\000i\000a\000b\000l\000e\000\040\000D\000o\000c\000u\000m\000e\000n\000t\000a\000t\000i\000o\000n}{section.8.10}% 186
\BOOKMARK [3][-]{subsubsection.8.10.2.1}{\376\377\000d\000e\000b\000u\000g}{subsection.8.10.2}% 187
\BOOKMARK [1][-]{section.8.11}{\376\377\000s\000r\000c\000/\000I\000S\000t\000u\000f\000f\000/\000s\000e\000r\000i\000a\000l\000i\000z\000e\000\137\000o\000p\000e\000n\000c\000v\000.\000h\000\040\000F\000i\000l\000e\000\040\000R\000e\000f\000e\000r\000e\000n\000c\000e}{chapter.8}% 188
\BOOKMARK [2][-]{subsection.8.11.1}{\376\377\000D\000e\000t\000a\000i\000l\000e\000d\000\040\000D\000e\000s\000c\000r\000i\000p\000t\000i\000o\000n}{section.8.11}% 189
\BOOKMARK [1][-]{section.8.12}{\376\377\000s\000r\000c\000/\000I\000S\000t\000u\000f\000f\000/\000t\000r\000a\000c\000k\000e\000r\000.\000c\000p\000p\000\040\000F\000i\000l\000e\000\040\000R\000e\000f\000e\000r\000e\000n\000c\000e}{chapter.8}% 190
\BOOKMARK [1][-]{section.8.13}{\376\377\000s\000r\000c\000/\000I\000S\000t\000u\000f\000f\000/\000t\000r\000a\000c\000k\000e\000r\000.\000h\000\040\000F\000i\000l\000e\000\040\000R\000e\000f\000e\000r\000e\000n\000c\000e}{chapter.8}% 191
\BOOKMARK [2][-]{subsection.8.13.1}{\376\377\000D\000e\000t\000a\000i\000l\000e\000d\000\040\000D\000e\000s\000c\000r\000i\000p\000t\000i\000o\000n}{section.8.13}% 192
\BOOKMARK [2][-]{subsection.8.13.2}{\376\377\000V\000a\000r\000i\000a\000b\000l\000e\000\040\000D\000o\000c\000u\000m\000e\000n\000t\000a\000t\000i\000o\000n}{section.8.13}% 193
\BOOKMARK [3][-]{subsubsection.8.13.2.1}{\376\377\000d\000e\000b\000u\000g}{subsection.8.13.2}% 194
\BOOKMARK [1][-]{section.8.14}{\376\377\000s\000r\000c\000/\000m\000a\000i\000n\000.\000c\000p\000p\000\040\000F\000i\000l\000e\000\040\000R\000e\000f\000e\000r\000e\000n\000c\000e}{chapter.8}% 195
\BOOKMARK [2][-]{subsection.8.14.1}{\376\377\000D\000e\000t\000a\000i\000l\000e\000d\000\040\000D\000e\000s\000c\000r\000i\000p\000t\000i\000o\000n}{section.8.14}% 196
\BOOKMARK [2][-]{subsection.8.14.2}{\376\377\000F\000u\000n\000c\000t\000i\000o\000n\000\040\000D\000o\000c\000u\000m\000e\000n\000t\000a\000t\000i\000o\000n}{section.8.14}% 197
\BOOKMARK [3][-]{subsubsection.8.14.2.1}{\376\377\000m\000a\000i\000n}{subsection.8.14.2}% 198
\BOOKMARK [3][-]{subsubsection.8.14.2.2}{\376\377\000p\000r\000i\000n\000t\000H\000e\000l\000p}{subsection.8.14.2}% 199
\BOOKMARK [1][-]{section.8.15}{\376\377\000s\000r\000c\000/\000m\000a\000i\000n\000.\000h\000\040\000F\000i\000l\000e\000\040\000R\000e\000f\000e\000r\000e\000n\000c\000e}{chapter.8}% 200
\BOOKMARK [2][-]{subsection.8.15.1}{\376\377\000D\000e\000t\000a\000i\000l\000e\000d\000\040\000D\000e\000s\000c\000r\000i\000p\000t\000i\000o\000n}{section.8.15}% 201
\BOOKMARK [2][-]{subsection.8.15.2}{\376\377\000F\000u\000n\000c\000t\000i\000o\000n\000\040\000D\000o\000c\000u\000m\000e\000n\000t\000a\000t\000i\000o\000n}{section.8.15}% 202
\BOOKMARK [3][-]{subsubsection.8.15.2.1}{\376\377\000m\000a\000i\000n}{subsection.8.15.2}% 203
\BOOKMARK [3][-]{subsubsection.8.15.2.2}{\376\377\000p\000r\000i\000n\000t\000H\000e\000l\000p}{subsection.8.15.2}% 204
\BOOKMARK [2][-]{subsection.8.15.3}{\376\377\000V\000a\000r\000i\000a\000b\000l\000e\000\040\000D\000o\000c\000u\000m\000e\000n\000t\000a\000t\000i\000o\000n}{section.8.15}% 205
\BOOKMARK [3][-]{subsubsection.8.15.3.1}{\376\377\000d\000e\000b\000u\000g}{subsection.8.15.3}% 206
\BOOKMARK [3][-]{subsubsection.8.15.3.2}{\376\377\000h\000l\000\137\000d\000e\000b\000u\000g}{subsection.8.15.3}% 207
\BOOKMARK [-1][-]{section*.64}{\376\377\000I\000n\000d\000e\000x}{}% 208
